<?xml version="1.0" encoding="UTF-8"?>
<testng-results ignored="0" total="3" passed="3" failed="0" skipped="0">
  <reporter-output>
    <line>
      <![CDATA[Java]]>
    </line>
    <line>
      <![CDATA[python]]>
    </line>
    <line>
      <![CDATA[hello selinium]]>
    </line>
  </reporter-output>
  <suite started-at="2023-03-21T17:32:30 IST" name="Suite" finished-at="2023-03-21T17:32:30 IST" duration-ms="323">
    <groups>
    </groups>
    <test started-at="2023-03-21T17:32:30 IST" name="Test" finished-at="2023-03-21T17:32:30 IST" duration-ms="323">
      <class name="Demo.Test3">
        <test-method signature="tc3()[pri:0, instance:Demo.Test3@301eda63]" started-at="2023-03-21T17:32:30 IST" name="tc3" finished-at="2023-03-21T17:32:30 IST" duration-ms="5" status="PASS">
          <reporter-output>
            <line>
              <![CDATA[hello selinium]]>
            </line>
          </reporter-output>
        </test-method> <!-- tc3 -->
      </class> <!-- Demo.Test3 -->
      <class name="Demo.Test2">
        <test-method signature="tc2()[pri:0, instance:Demo.Test2@56c4278e]" started-at="2023-03-21T17:32:30 IST" name="tc2" finished-at="2023-03-21T17:32:30 IST" duration-ms="8" status="PASS">
          <reporter-output>
            <line>
              <![CDATA[python]]>
            </line>
          </reporter-output>
        </test-method> <!-- tc2 -->
      </class> <!-- Demo.Test2 -->
      <class name="Demo.Test1">
        <test-method signature="tc1()[pri:0, instance:Demo.Test1@20435c40]" started-at="2023-03-21T17:32:30 IST" name="tc1" finished-at="2023-03-21T17:32:30 IST" duration-ms="92" status="PASS">
          <reporter-output>
            <line>
              <![CDATA[Java]]>
            </line>
          </reporter-output>
        </test-method> <!-- tc1 -->
      </class> <!-- Demo.Test1 -->
    </test> <!-- Test -->
  </suite> <!-- Suite -->
</testng-results>
